==9845== Memcheck, a memory error detector
==9845== Copyright (C) 2002-2015, and GNU GPL'd, by Julian Seward et al.
==9845== Using Valgrind-3.11.0 and LibVEX; rerun with -h for copyright info
==9845== Command: ./membot
==9845== Parent PID: 8398
==9845== 
--9845-- WARNING: Serious error when reading debug info
--9845-- When reading debug info from /usr/lib/x86_64-linux-gnu/libwx_gtk2u_core-3.0.so.0.2.0:
--9845-- Ignoring non-Dwarf2/3/4 block in .debug_info
--9845-- WARNING: Serious error when reading debug info
--9845-- When reading debug info from /usr/lib/x86_64-linux-gnu/libwx_gtk2u_core-3.0.so.0.2.0:
--9845-- Last block truncated in .debug_info; ignoring
--9845-- WARNING: Serious error when reading debug info
--9845-- When reading debug info from /usr/lib/x86_64-linux-gnu/libwx_gtk2u_core-3.0.so.0.2.0:
--9845-- parse_CU_Header: is neither DWARF2 nor DWARF3 nor DWARF4
--9845-- WARNING: Serious error when reading debug info
--9845-- When reading debug info from /usr/lib/x86_64-linux-gnu/libwx_baseu-3.0.so.0.2.0:
--9845-- Ignoring non-Dwarf2/3/4 block in .debug_info
--9845-- WARNING: Serious error when reading debug info
--9845-- When reading debug info from /usr/lib/x86_64-linux-gnu/libwx_baseu-3.0.so.0.2.0:
--9845-- Last block truncated in .debug_info; ignoring
--9845-- WARNING: Serious error when reading debug info
--9845-- When reading debug info from /usr/lib/x86_64-linux-gnu/libwx_baseu-3.0.so.0.2.0:
--9845-- parse_CU_Header: is neither DWARF2 nor DWARF3 nor DWARF4
==9845== Invalid read of size 8
==9845==    at 0x40E62E: ChatBot::~ChatBot() (in /media/adham/31DAEC6B3ECF70CB1/C++NanoDegree/CppND-Memory-Management-Chatbot/build/membot)
==9845==    by 0x4220E4: GraphNode::~GraphNode() (in /media/adham/31DAEC6B3ECF70CB1/C++NanoDegree/CppND-Memory-Management-Chatbot/build/membot)
==9845==    by 0x41B271: ChatLogic::~ChatLogic() (in /media/adham/31DAEC6B3ECF70CB1/C++NanoDegree/CppND-Memory-Management-Chatbot/build/membot)
==9845==    by 0x416AB6: ChatBotPanelDialog::~ChatBotPanelDialog() (in /media/adham/31DAEC6B3ECF70CB1/C++NanoDegree/CppND-Memory-Management-Chatbot/build/membot)
==9845==    by 0x416B0B: ChatBotPanelDialog::~ChatBotPanelDialog() (in /media/adham/31DAEC6B3ECF70CB1/C++NanoDegree/CppND-Memory-Management-Chatbot/build/membot)
==9845==    by 0x52B5FC6: wxWindowBase::Destroy() (in /usr/lib/x86_64-linux-gnu/libwx_gtk2u_core-3.0.so.0.2.0)
==9845==    by 0x52B6004: wxWindowBase::DestroyChildren() (in /usr/lib/x86_64-linux-gnu/libwx_gtk2u_core-3.0.so.0.2.0)
==9845==    by 0x50CBE02: wxWindow::~wxWindow() (in /usr/lib/x86_64-linux-gnu/libwx_gtk2u_core-3.0.so.0.2.0)
==9845==    by 0x418BA5: wxNavigationEnabled<wxWindow>::~wxNavigationEnabled() (in /media/adham/31DAEC6B3ECF70CB1/C++NanoDegree/CppND-Memory-Management-Chatbot/build/membot)
==9845==    by 0x418C21: wxPanelBase::~wxPanelBase() (in /media/adham/31DAEC6B3ECF70CB1/C++NanoDegree/CppND-Memory-Management-Chatbot/build/membot)
==9845==    by 0x4190DD: wxPanel::~wxPanel() (in /media/adham/31DAEC6B3ECF70CB1/C++NanoDegree/CppND-Memory-Management-Chatbot/build/membot)
==9845==    by 0x41A91F: ChatBotFrameImagePanel::~ChatBotFrameImagePanel() (in /media/adham/31DAEC6B3ECF70CB1/C++NanoDegree/CppND-Memory-Management-Chatbot/build/membot)
==9845==  Address 0xe3db610 is 0 bytes inside a block of size 32 free'd
==9845==    at 0x4C2F24B: operator delete(void*) (in /usr/lib/valgrind/vgpreload_memcheck-amd64-linux.so)
==9845==    by 0x41B212: ChatLogic::~ChatLogic() (in /media/adham/31DAEC6B3ECF70CB1/C++NanoDegree/CppND-Memory-Management-Chatbot/build/membot)
==9845==    by 0x416AB6: ChatBotPanelDialog::~ChatBotPanelDialog() (in /media/adham/31DAEC6B3ECF70CB1/C++NanoDegree/CppND-Memory-Management-Chatbot/build/membot)
==9845==    by 0x416B0B: ChatBotPanelDialog::~ChatBotPanelDialog() (in /media/adham/31DAEC6B3ECF70CB1/C++NanoDegree/CppND-Memory-Management-Chatbot/build/membot)
==9845==    by 0x52B5FC6: wxWindowBase::Destroy() (in /usr/lib/x86_64-linux-gnu/libwx_gtk2u_core-3.0.so.0.2.0)
==9845==    by 0x52B6004: wxWindowBase::DestroyChildren() (in /usr/lib/x86_64-linux-gnu/libwx_gtk2u_core-3.0.so.0.2.0)
==9845==    by 0x50CBE02: wxWindow::~wxWindow() (in /usr/lib/x86_64-linux-gnu/libwx_gtk2u_core-3.0.so.0.2.0)
==9845==    by 0x418BA5: wxNavigationEnabled<wxWindow>::~wxNavigationEnabled() (in /media/adham/31DAEC6B3ECF70CB1/C++NanoDegree/CppND-Memory-Management-Chatbot/build/membot)
==9845==    by 0x418C21: wxPanelBase::~wxPanelBase() (in /media/adham/31DAEC6B3ECF70CB1/C++NanoDegree/CppND-Memory-Management-Chatbot/build/membot)
==9845==    by 0x4190DD: wxPanel::~wxPanel() (in /media/adham/31DAEC6B3ECF70CB1/C++NanoDegree/CppND-Memory-Management-Chatbot/build/membot)
==9845==    by 0x41A91F: ChatBotFrameImagePanel::~ChatBotFrameImagePanel() (in /media/adham/31DAEC6B3ECF70CB1/C++NanoDegree/CppND-Memory-Management-Chatbot/build/membot)
==9845==    by 0x41A93B: ChatBotFrameImagePanel::~ChatBotFrameImagePanel() (in /media/adham/31DAEC6B3ECF70CB1/C++NanoDegree/CppND-Memory-Management-Chatbot/build/membot)
==9845==  Block was alloc'd at
==9845==    at 0x4C2E0EF: operator new(unsigned long) (in /usr/lib/valgrind/vgpreload_memcheck-amd64-linux.so)
==9845==    by 0x41B106: ChatLogic::ChatLogic() (in /media/adham/31DAEC6B3ECF70CB1/C++NanoDegree/CppND-Memory-Management-Chatbot/build/membot)
==9845==    by 0x41696B: ChatBotPanelDialog::ChatBotPanelDialog(wxWindow*, int) (in /media/adham/31DAEC6B3ECF70CB1/C++NanoDegree/CppND-Memory-Management-Chatbot/build/membot)
==9845==    by 0x415F48: ChatBotFrame::ChatBotFrame(wxString const&) (in /media/adham/31DAEC6B3ECF70CB1/C++NanoDegree/CppND-Memory-Management-Chatbot/build/membot)
==9845==    by 0x415DC6: ChatBotApp::OnInit() (in /media/adham/31DAEC6B3ECF70CB1/C++NanoDegree/CppND-Memory-Management-Chatbot/build/membot)
==9845==    by 0x41887C: wxAppConsoleBase::CallOnInit() (in /media/adham/31DAEC6B3ECF70CB1/C++NanoDegree/CppND-Memory-Management-Chatbot/build/membot)
==9845==    by 0x57A6F91: wxEntry(int&, wchar_t**) (in /usr/lib/x86_64-linux-gnu/libwx_baseu-3.0.so.0.2.0)
==9845==    by 0x415D1D: main (in /media/adham/31DAEC6B3ECF70CB1/C++NanoDegree/CppND-Memory-Management-Chatbot/build/membot)
==9845== 
==9845== Invalid free() / delete / delete[] / realloc()
==9845==    at 0x4C2F24B: operator delete(void*) (in /usr/lib/valgrind/vgpreload_memcheck-amd64-linux.so)
==9845==    by 0x4220F1: GraphNode::~GraphNode() (in /media/adham/31DAEC6B3ECF70CB1/C++NanoDegree/CppND-Memory-Management-Chatbot/build/membot)
==9845==    by 0x41B271: ChatLogic::~ChatLogic() (in /media/adham/31DAEC6B3ECF70CB1/C++NanoDegree/CppND-Memory-Management-Chatbot/build/membot)
==9845==    by 0x416AB6: ChatBotPanelDialog::~ChatBotPanelDialog() (in /media/adham/31DAEC6B3ECF70CB1/C++NanoDegree/CppND-Memory-Management-Chatbot/build/membot)
==9845==    by 0x416B0B: ChatBotPanelDialog::~ChatBotPanelDialog() (in /media/adham/31DAEC6B3ECF70CB1/C++NanoDegree/CppND-Memory-Management-Chatbot/build/membot)
==9845==    by 0x52B5FC6: wxWindowBase::Destroy() (in /usr/lib/x86_64-linux-gnu/libwx_gtk2u_core-3.0.so.0.2.0)
==9845==    by 0x52B6004: wxWindowBase::DestroyChildren() (in /usr/lib/x86_64-linux-gnu/libwx_gtk2u_core-3.0.so.0.2.0)
==9845==    by 0x50CBE02: wxWindow::~wxWindow() (in /usr/lib/x86_64-linux-gnu/libwx_gtk2u_core-3.0.so.0.2.0)
==9845==    by 0x418BA5: wxNavigationEnabled<wxWindow>::~wxNavigationEnabled() (in /media/adham/31DAEC6B3ECF70CB1/C++NanoDegree/CppND-Memory-Management-Chatbot/build/membot)
==9845==    by 0x418C21: wxPanelBase::~wxPanelBase() (in /media/adham/31DAEC6B3ECF70CB1/C++NanoDegree/CppND-Memory-Management-Chatbot/build/membot)
==9845==    by 0x4190DD: wxPanel::~wxPanel() (in /media/adham/31DAEC6B3ECF70CB1/C++NanoDegree/CppND-Memory-Management-Chatbot/build/membot)
==9845==    by 0x41A91F: ChatBotFrameImagePanel::~ChatBotFrameImagePanel() (in /media/adham/31DAEC6B3ECF70CB1/C++NanoDegree/CppND-Memory-Management-Chatbot/build/membot)
==9845==  Address 0xe3db610 is 0 bytes inside a block of size 32 free'd
==9845==    at 0x4C2F24B: operator delete(void*) (in /usr/lib/valgrind/vgpreload_memcheck-amd64-linux.so)
==9845==    by 0x41B212: ChatLogic::~ChatLogic() (in /media/adham/31DAEC6B3ECF70CB1/C++NanoDegree/CppND-Memory-Management-Chatbot/build/membot)
==9845==    by 0x416AB6: ChatBotPanelDialog::~ChatBotPanelDialog() (in /media/adham/31DAEC6B3ECF70CB1/C++NanoDegree/CppND-Memory-Management-Chatbot/build/membot)
==9845==    by 0x416B0B: ChatBotPanelDialog::~ChatBotPanelDialog() (in /media/adham/31DAEC6B3ECF70CB1/C++NanoDegree/CppND-Memory-Management-Chatbot/build/membot)
==9845==    by 0x52B5FC6: wxWindowBase::Destroy() (in /usr/lib/x86_64-linux-gnu/libwx_gtk2u_core-3.0.so.0.2.0)
==9845==    by 0x52B6004: wxWindowBase::DestroyChildren() (in /usr/lib/x86_64-linux-gnu/libwx_gtk2u_core-3.0.so.0.2.0)
==9845==    by 0x50CBE02: wxWindow::~wxWindow() (in /usr/lib/x86_64-linux-gnu/libwx_gtk2u_core-3.0.so.0.2.0)
==9845==    by 0x418BA5: wxNavigationEnabled<wxWindow>::~wxNavigationEnabled() (in /media/adham/31DAEC6B3ECF70CB1/C++NanoDegree/CppND-Memory-Management-Chatbot/build/membot)
==9845==    by 0x418C21: wxPanelBase::~wxPanelBase() (in /media/adham/31DAEC6B3ECF70CB1/C++NanoDegree/CppND-Memory-Management-Chatbot/build/membot)
==9845==    by 0x4190DD: wxPanel::~wxPanel() (in /media/adham/31DAEC6B3ECF70CB1/C++NanoDegree/CppND-Memory-Management-Chatbot/build/membot)
==9845==    by 0x41A91F: ChatBotFrameImagePanel::~ChatBotFrameImagePanel() (in /media/adham/31DAEC6B3ECF70CB1/C++NanoDegree/CppND-Memory-Management-Chatbot/build/membot)
==9845==    by 0x41A93B: ChatBotFrameImagePanel::~ChatBotFrameImagePanel() (in /media/adham/31DAEC6B3ECF70CB1/C++NanoDegree/CppND-Memory-Management-Chatbot/build/membot)
==9845==  Block was alloc'd at
==9845==    at 0x4C2E0EF: operator new(unsigned long) (in /usr/lib/valgrind/vgpreload_memcheck-amd64-linux.so)
==9845==    by 0x41B106: ChatLogic::ChatLogic() (in /media/adham/31DAEC6B3ECF70CB1/C++NanoDegree/CppND-Memory-Management-Chatbot/build/membot)
==9845==    by 0x41696B: ChatBotPanelDialog::ChatBotPanelDialog(wxWindow*, int) (in /media/adham/31DAEC6B3ECF70CB1/C++NanoDegree/CppND-Memory-Management-Chatbot/build/membot)
==9845==    by 0x415F48: ChatBotFrame::ChatBotFrame(wxString const&) (in /media/adham/31DAEC6B3ECF70CB1/C++NanoDegree/CppND-Memory-Management-Chatbot/build/membot)
==9845==    by 0x415DC6: ChatBotApp::OnInit() (in /media/adham/31DAEC6B3ECF70CB1/C++NanoDegree/CppND-Memory-Management-Chatbot/build/membot)
==9845==    by 0x41887C: wxAppConsoleBase::CallOnInit() (in /media/adham/31DAEC6B3ECF70CB1/C++NanoDegree/CppND-Memory-Management-Chatbot/build/membot)
==9845==    by 0x57A6F91: wxEntry(int&, wchar_t**) (in /usr/lib/x86_64-linux-gnu/libwx_baseu-3.0.so.0.2.0)
==9845==    by 0x415D1D: main (in /media/adham/31DAEC6B3ECF70CB1/C++NanoDegree/CppND-Memory-Management-Chatbot/build/membot)
==9845== 
==9845== Conditional jump or move depends on uninitialised value(s)
==9845==    at 0x4220CE: GraphNode::~GraphNode() (in /media/adham/31DAEC6B3ECF70CB1/C++NanoDegree/CppND-Memory-Management-Chatbot/build/membot)
==9845==    by 0x41B271: ChatLogic::~ChatLogic() (in /media/adham/31DAEC6B3ECF70CB1/C++NanoDegree/CppND-Memory-Management-Chatbot/build/membot)
==9845==    by 0x416AB6: ChatBotPanelDialog::~ChatBotPanelDialog() (in /media/adham/31DAEC6B3ECF70CB1/C++NanoDegree/CppND-Memory-Management-Chatbot/build/membot)
==9845==    by 0x416B0B: ChatBotPanelDialog::~ChatBotPanelDialog() (in /media/adham/31DAEC6B3ECF70CB1/C++NanoDegree/CppND-Memory-Management-Chatbot/build/membot)
==9845==    by 0x52B5FC6: wxWindowBase::Destroy() (in /usr/lib/x86_64-linux-gnu/libwx_gtk2u_core-3.0.so.0.2.0)
==9845==    by 0x52B6004: wxWindowBase::DestroyChildren() (in /usr/lib/x86_64-linux-gnu/libwx_gtk2u_core-3.0.so.0.2.0)
==9845==    by 0x50CBE02: wxWindow::~wxWindow() (in /usr/lib/x86_64-linux-gnu/libwx_gtk2u_core-3.0.so.0.2.0)
==9845==    by 0x418BA5: wxNavigationEnabled<wxWindow>::~wxNavigationEnabled() (in /media/adham/31DAEC6B3ECF70CB1/C++NanoDegree/CppND-Memory-Management-Chatbot/build/membot)
==9845==    by 0x418C21: wxPanelBase::~wxPanelBase() (in /media/adham/31DAEC6B3ECF70CB1/C++NanoDegree/CppND-Memory-Management-Chatbot/build/membot)
==9845==    by 0x4190DD: wxPanel::~wxPanel() (in /media/adham/31DAEC6B3ECF70CB1/C++NanoDegree/CppND-Memory-Management-Chatbot/build/membot)
==9845==    by 0x41A91F: ChatBotFrameImagePanel::~ChatBotFrameImagePanel() (in /media/adham/31DAEC6B3ECF70CB1/C++NanoDegree/CppND-Memory-Management-Chatbot/build/membot)
==9845==    by 0x41A93B: ChatBotFrameImagePanel::~ChatBotFrameImagePanel() (in /media/adham/31DAEC6B3ECF70CB1/C++NanoDegree/CppND-Memory-Management-Chatbot/build/membot)
==9845== 
==9845== 
==9845== HEAP SUMMARY:
==9845==     in use at exit: 1,468,451 bytes in 17,891 blocks
==9845==   total heap usage: 91,154 allocs, 73,264 frees, 39,297,065 bytes allocated
==9845== 
==9845== 16 bytes in 1 blocks are possibly lost in loss record 1,707 of 8,468
==9845==    at 0x4C2FB55: calloc (in /usr/lib/valgrind/vgpreload_memcheck-amd64-linux.so)
==9845==    by 0x7C58810: g_malloc0 (in /lib/x86_64-linux-gnu/libglib-2.0.so.0.4800.2)
==9845==    by 0x79E3522: ??? (in /usr/lib/x86_64-linux-gnu/libgobject-2.0.so.0.4800.2)
==9845==    by 0x79E7F90: g_type_register_fundamental (in /usr/lib/x86_64-linux-gnu/libgobject-2.0.so.0.4800.2)
==9845==    by 0x79C730B: ??? (in /usr/lib/x86_64-linux-gnu/libgobject-2.0.so.0.4800.2)
==9845==    by 0x79C1177: ??? (in /usr/lib/x86_64-linux-gnu/libgobject-2.0.so.0.4800.2)
==9845==    by 0x40106C9: call_init.part.0 (dl-init.c:72)
==9845==    by 0x40107DA: call_init (dl-init.c:30)
==9845==    by 0x40107DA: _dl_init (dl-init.c:120)
==9845==    by 0x4000C69: ??? (in /lib/x86_64-linux-gnu/ld-2.23.so)
==9845== 
==9845== 16 bytes in 1 blocks are possibly lost in loss record 1,708 of 8,468
==9845==    at 0x4C2DB8F: malloc (in /usr/lib/valgrind/vgpreload_memcheck-amd64-linux.so)
==9845==    by 0x4C2FDEF: realloc (in /usr/lib/valgrind/vgpreload_memcheck-amd64-linux.so)
==9845==    by 0x7C58877: g_realloc (in /lib/x86_64-linux-gnu/libglib-2.0.so.0.4800.2)
==9845==    by 0x79E3406: ??? (in /usr/lib/x86_64-linux-gnu/libgobject-2.0.so.0.4800.2)
==9845==    by 0x79E7F90: g_type_register_fundamental (in /usr/lib/x86_64-linux-gnu/libgobject-2.0.so.0.4800.2)
==9845==    by 0x79C730B: ??? (in /usr/lib/x86_64-linux-gnu/libgobject-2.0.so.0.4800.2)
==9845==    by 0x79C1177: ??? (in /usr/lib/x86_64-linux-gnu/libgobject-2.0.so.0.4800.2)
==9845==    by 0x40106C9: call_init.part.0 (dl-init.c:72)
==9845==    by 0x40107DA: call_init (dl-init.c:30)
==9845==    by 0x40107DA: _dl_init (dl-init.c:120)
==9845==    by 0x4000C69: ??? (in /lib/x86_64-linux-gnu/ld-2.23.so)
==9845== 
==9845== 16 bytes in 1 blocks are possibly lost in loss record 1,709 of 8,468
==9845==    at 0x4C2FB55: calloc (in /usr/lib/valgrind/vgpreload_memcheck-amd64-linux.so)
==9845==    by 0x7C58810: g_malloc0 (in /lib/x86_64-linux-gnu/libglib-2.0.so.0.4800.2)
==9845==    by 0x79E3522: ??? (in /usr/lib/x86_64-linux-gnu/libgobject-2.0.so.0.4800.2)
==9845==    by 0x79E7F90: g_type_register_fundamental (in /usr/lib/x86_64-linux-gnu/libgobject-2.0.so.0.4800.2)
==9845==    by 0x79C7371: ??? (in /usr/lib/x86_64-linux-gnu/libgobject-2.0.so.0.4800.2)
==9845==    by 0x79C1177: ??? (in /usr/lib/x86_64-linux-gnu/libgobject-2.0.so.0.4800.2)
==9845==    by 0x40106C9: call_init.part.0 (dl-init.c:72)
==9845==    by 0x40107DA: call_init (dl-init.c:30)
==9845==    by 0x40107DA: _dl_init (dl-init.c:120)
==9845==    by 0x4000C69: ??? (in /lib/x86_64-linux-gnu/ld-2.23.so)
==9845== 
==9845== 16 bytes in 1 blocks are possibly lost in loss record 1,710 of 8,468
==9845==    at 0x4C2DB8F: malloc (in /usr/lib/valgrind/vgpreload_memcheck-amd64-linux.so)
==9845==    by 0x4C2FDEF: realloc (in /usr/lib/valgrind/vgpreload_memcheck-amd64-linux.so)
==9845==    by 0x7C58877: g_realloc (in /lib/x86_64-linux-gnu/libglib-2.0.so.0.4800.2)
==9845==    by 0x79E3406: ??? (in /usr/lib/x86_64-linux-gnu/libgobject-2.0.so.0.4800.2)
==9845==    by 0x79E7F90: g_type_register_fundamental (in /usr/lib/x86_64-linux-gnu/libgobject-2.0.so.0.4800.2)
==9845==    by 0x79C7371: ??? (in /usr/lib/x86_64-linux-gnu/libgobject-2.0.so.0.4800.2)
==9845==    by 0x79C1177: ??? (in /usr/lib/x86_64-linux-gnu/libgobject-2.0.so.0.4800.2)
==9845==    by 0x40106C9: call_init.part.0 (dl-init.c:72)
==9845==    by 0x40107DA: call_init (dl-init.c:30)
==9845==    by 0x40107DA: _dl_init (dl-init.c:120)
==9845==    by 0x4000C69: ??? (in /lib/x86_64-linux-gnu/ld-2.23.so)
==9845== 
==9845== 16 bytes in 1 blocks are possibly lost in loss record 1,711 of 8,468
==9845==    at 0x4C2FB55: calloc (in /usr/lib/valgrind/vgpreload_memcheck-amd64-linux.so)
==9845==    by 0x7C58810: g_malloc0 (in /lib/x86_64-linux-gnu/libglib-2.0.so.0.4800.2)
==9845==    by 0x79E3522: ??? (in /usr/lib/x86_64-linux-gnu/libgobject-2.0.so.0.4800.2)
==9845==    by 0x79E7F90: g_type_register_fundamental (in /usr/lib/x86_64-linux-gnu/libgobject-2.0.so.0.4800.2)
==9845==    by 0x79D0B04: ??? (in /usr/lib/x86_64-linux-gnu/libgobject-2.0.so.0.4800.2)
==9845==    by 0x79C1181: ??? (in /usr/lib/x86_64-linux-gnu/libgobject-2.0.so.0.4800.2)
==9845==    by 0x40106C9: call_init.part.0 (dl-init.c:72)
==9845==    by 0x40107DA: call_init (dl-init.c:30)
==9845==    by 0x40107DA: _dl_init (dl-init.c:120)
==9845==    by 0x4000C69: ??? (in /lib/x86_64-linux-gnu/ld-2.23.so)
==9845== 
==9845== 16 bytes in 1 blocks are possibly lost in loss record 1,712 of 8,468
==9845==    at 0x4C2DB8F: malloc (in /usr/lib/valgrind/vgpreload_memcheck-amd64-linux.so)
==9845==    by 0x4C2FDEF: realloc (in /usr/lib/valgrind/vgpreload_memcheck-amd64-linux.so)
==9845==    by 0x7C58877: g_realloc (in /lib/x86_64-linux-gnu/libglib-2.0.so.0.4800.2)
==9845==    by 0x79E3406: ??? (in /usr/lib/x86_64-linux-gnu/libgobject-2.0.so.0.4800.2)
==9845==    by 0x79E7F90: g_type_register_fundamental (in /usr/lib/x86_64-linux-gnu/libgobject-2.0.so.0.4800.2)
==9845==    by 0x79D0B04: ??? (in /usr/lib/x86_64-linux-gnu/libgobject-2.0.so.0.4800.2)
==9845==    by 0x79C1181: ??? (in /usr/lib/x86_64-linux-gnu/libgobject-2.0.so.0.4800.2)
==9845==    by 0x40106C9: call_init.part.0 (dl-init.c:72)
==9845==    by 0x40107DA: call_init (dl-init.c:30)
==9845==    by 0x40107DA: _dl_init (dl-init.c:120)
==9845==    by 0x4000C69: ??? (in /lib/x86_64-linux-gnu/ld-2.23.so)
==9845== 
==9845== 16 bytes in 1 blocks are possibly lost in loss record 1,713 of 8,468
==9845==    at 0x4C2FB55: calloc (in /usr/lib/valgrind/vgpreload_memcheck-amd64-linux.so)
==9845==    by 0x7C58810: g_malloc0 (in /lib/x86_64-linux-gnu/libglib-2.0.so.0.4800.2)
==9845==    by 0x79E3522: ??? (in /usr/lib/x86_64-linux-gnu/libgobject-2.0.so.0.4800.2)
==9845==    by 0x79E7F90: g_type_register_fundamental (in /usr/lib/x86_64-linux-gnu/libgobject-2.0.so.0.4800.2)
==9845==    by 0x79CBC1B: ??? (in /usr/lib/x86_64-linux-gnu/libgobject-2.0.so.0.4800.2)
==9845==    by 0x79C1186: ??? (in /usr/lib/x86_64-linux-gnu/libgobject-2.0.so.0.4800.2)
==9845==    by 0x40106C9: call_init.part.0 (dl-init.c:72)
==9845==    by 0x40107DA: call_init (dl-init.c:30)
==9845==    by 0x40107DA: _dl_init (dl-init.c:120)
==9845==    by 0x4000C69: ??? (in /lib/x86_64-linux-gnu/ld-2.23.so)
==9845== 
==9845== 16 bytes in 1 blocks are possibly lost in loss record 1,714 of 8,468
==9845==    at 0x4C2DB8F: malloc (in /usr/lib/valgrind/vgpreload_memcheck-amd64-linux.so)
==9845==    by 0x4C2FDEF: realloc (in /usr/lib/valgrind/vgpreload_memcheck-amd64-linux.so)
==9845==    by 0x7C58877: g_realloc (in /lib/x86_64-linux-gnu/libglib-2.0.so.0.4800.2)
==9845==    by 0x79E3406: ??? (in /usr/lib/x86_64-linux-gnu/libgobject-2.0.so.0.4800.2)
==9845==    by 0x79E7F90: g_type_register_fundamental (in /usr/lib/x86_64-linux-gnu/libgobject-2.0.so.0.4800.2)
==9845==    by 0x79CBC1B: ??? (in /usr/lib/x86_64-linux-gnu/libgobject-2.0.so.0.4800.2)
==9845==    by 0x79C1186: ??? (in /usr/lib/x86_64-linux-gnu/libgobject-2.0.so.0.4800.2)
==9845==    by 0x40106C9: call_init.part.0 (dl-init.c:72)
==9845==    by 0x40107DA: call_init (dl-init.c:30)
==9845==    by 0x40107DA: _dl_init (dl-init.c:120)
==9845==    by 0x4000C69: ??? (in /lib/x86_64-linux-gnu/ld-2.23.so)
==9845== 
==9845== 16 bytes in 1 blocks are possibly lost in loss record 1,715 of 8,468
==9845==    at 0x4C2DB8F: malloc (in /usr/lib/valgrind/vgpreload_memcheck-amd64-linux.so)
==9845==    by 0x7C587B8: g_malloc (in /lib/x86_64-linux-gnu/libglib-2.0.so.0.4800.2)
==9845==    by 0x7C6F9C2: g_slice_alloc (in /lib/x86_64-linux-gnu/libglib-2.0.so.0.4800.2)
==9845==    by 0x79C1309: ??? (in /usr/lib/x86_64-linux-gnu/libgobject-2.0.so.0.4800.2)
==9845==    by 0x79C137E: ??? (in /usr/lib/x86_64-linux-gnu/libgobject-2.0.so.0.4800.2)
==9845==    by 0x79E242D: ??? (in /usr/lib/x86_64-linux-gnu/libgobject-2.0.so.0.4800.2)
==9845==    by 0x79E2803: ??? (in /usr/lib/x86_64-linux-gnu/libgobject-2.0.so.0.4800.2)
==9845==    by 0x79E559A: ??? (in /usr/lib/x86_64-linux-gnu/libgobject-2.0.so.0.4800.2)
==9845==    by 0x79E981F: g_type_add_interface_static (in /usr/lib/x86_64-linux-gnu/libgobject-2.0.so.0.4800.2)
==9845==    by 0x679B4D5: gtk_action_get_type (in /usr/lib/x86_64-linux-gnu/libgtk-x11-2.0.so.0.2400.30)
==9845==    by 0x679F09B: ??? (in /usr/lib/x86_64-linux-gnu/libgtk-x11-2.0.so.0.2400.30)
==9845==    by 0x79E2CA0: ??? (in /usr/lib/x86_64-linux-gnu/libgobject-2.0.so.0.4800.2)
==9845== 
==9845== 24 bytes in 1 blocks are possibly lost in loss record 2,330 of 8,468
==9845==    at 0x4C2FB55: calloc (in /usr/lib/valgrind/vgpreload_memcheck-amd64-linux.so)
==9845==    by 0x7C58810: g_malloc0 (in /lib/x86_64-linux-gnu/libglib-2.0.so.0.4800.2)
==9845==    by 0x79E63B5: g_type_class_ref (in /usr/lib/x86_64-linux-gnu/libgobject-2.0.so.0.4800.2)
==9845==    by 0x79E5E2C: g_type_class_ref (in /usr/lib/x86_64-linux-gnu/libgobject-2.0.so.0.4800.2)
==9845==    by 0x79D5147: g_param_spec_flags (in /usr/lib/x86_64-linux-gnu/libgobject-2.0.so.0.4800.2)
==9845==    by 0x697A2E0: ??? (in /usr/lib/x86_64-linux-gnu/libgtk-x11-2.0.so.0.2400.30)
==9845==    by 0x79E622C: g_type_class_ref (in /usr/lib/x86_64-linux-gnu/libgobject-2.0.so.0.4800.2)
==9845==    by 0x79E5E2C: g_type_class_ref (in /usr/lib/x86_64-linux-gnu/libgobject-2.0.so.0.4800.2)
==9845==    by 0x79E5E2C: g_type_class_ref (in /usr/lib/x86_64-linux-gnu/libgobject-2.0.so.0.4800.2)
==9845==    by 0xE914482: gtk_module_init (in /usr/lib/x86_64-linux-gnu/gtk-2.0/modules/liboverlay-scrollbar.so)
==9845==    by 0x686FC80: ??? (in /usr/lib/x86_64-linux-gnu/libgtk-x11-2.0.so.0.2400.30)
==9845==    by 0x79C5FA4: g_closure_invoke (in /usr/lib/x86_64-linux-gnu/libgobject-2.0.so.0.4800.2)
==9845== 
==9845== 26 bytes in 1 blocks are possibly lost in loss record 2,347 of 8,468
==9845==    at 0x4C2FB55: calloc (in /usr/lib/valgrind/vgpreload_memcheck-amd64-linux.so)
==9845==    by 0x7C58810: g_malloc0 (in /lib/x86_64-linux-gnu/libglib-2.0.so.0.4800.2)
==9845==    by 0x77858AD: pango_language_from_string (in /usr/lib/x86_64-linux-gnu/libpango-1.0.so.0.3800.1)
==9845==    by 0x778599E: pango_language_get_default (in /usr/lib/x86_64-linux-gnu/libpango-1.0.so.0.3800.1)
==9845==    by 0x7780073: ??? (in /usr/lib/x86_64-linux-gnu/libpango-1.0.so.0.3800.1)
==9845==    by 0x79E9358: g_type_create_instance (in /usr/lib/x86_64-linux-gnu/libgobject-2.0.so.0.4800.2)
==9845==    by 0x79CB31A: ??? (in /usr/lib/x86_64-linux-gnu/libgobject-2.0.so.0.4800.2)
==9845==    by 0x79CCC00: g_object_newv (in /usr/lib/x86_64-linux-gnu/libgobject-2.0.so.0.4800.2)
==9845==    by 0x79CD533: g_object_new (in /usr/lib/x86_64-linux-gnu/libgobject-2.0.so.0.4800.2)
==9845==    by 0x77833F2: pango_font_map_create_context (in /usr/lib/x86_64-linux-gnu/libpango-1.0.so.0.3800.1)
==9845==    by 0x6D9E874: gdk_pango_context_get_for_screen (in /usr/lib/x86_64-linux-gnu/libgdk-x11-2.0.so.0.2400.30)
==9845==    by 0x6974B1C: gtk_widget_create_pango_context (in /usr/lib/x86_64-linux-gnu/libgtk-x11-2.0.so.0.2400.30)
==9845== 
==9845== 30 bytes in 1 blocks are possibly lost in loss record 2,364 of 8,468
==9845==    at 0x4C2FB55: calloc (in /usr/lib/valgrind/vgpreload_memcheck-amd64-linux.so)
==9845==    by 0x7C58810: g_malloc0 (in /lib/x86_64-linux-gnu/libglib-2.0.so.0.4800.2)
==9845==    by 0x77858AD: pango_language_from_string (in /usr/lib/x86_64-linux-gnu/libpango-1.0.so.0.3800.1)
==9845==    by 0x778600E: pango_script_get_sample_language (in /usr/lib/x86_64-linux-gnu/libpango-1.0.so.0.3800.1)
==9845==    by 0x702C8B6: ??? (in /usr/lib/x86_64-linux-gnu/libpangocairo-1.0.so.0.3800.1)
==9845==    by 0x702D6B7: ??? (in /usr/lib/x86_64-linux-gnu/libpangocairo-1.0.so.0.3800.1)
==9845==    by 0x9E3F173: ??? (in /usr/lib/x86_64-linux-gnu/libpangoft2-1.0.so.0.3800.1)
==9845==    by 0xD39B246: ??? (in /usr/lib/x86_64-linux-gnu/libharfbuzz.so.0.10000.1)
==9845==    by 0xD37E589: hb_shape_plan_execute (in /usr/lib/x86_64-linux-gnu/libharfbuzz.so.0.10000.1)
==9845==    by 0xD37DAB0: hb_shape_full (in /usr/lib/x86_64-linux-gnu/libharfbuzz.so.0.10000.1)
==9845==    by 0x9E3F68D: ??? (in /usr/lib/x86_64-linux-gnu/libpangoft2-1.0.so.0.3800.1)
==9845==    by 0x7794917: pango_shape_full (in /usr/lib/x86_64-linux-gnu/libpango-1.0.so.0.3800.1)
==9845== 
==9845== 32 bytes in 1 blocks are possibly lost in loss record 3,662 of 8,468
==9845==    at 0x4C2FB55: calloc (in /usr/lib/valgrind/vgpreload_memcheck-amd64-linux.so)
==9845==    by 0x7C58810: g_malloc0 (in /lib/x86_64-linux-gnu/libglib-2.0.so.0.4800.2)
==9845==    by 0x79E63B5: g_type_class_ref (in /usr/lib/x86_64-linux-gnu/libgobject-2.0.so.0.4800.2)
==9845==    by 0x79E5E2C: g_type_class_ref (in /usr/lib/x86_64-linux-gnu/libgobject-2.0.so.0.4800.2)
==9845==    by 0x79D5057: g_param_spec_enum (in /usr/lib/x86_64-linux-gnu/libgobject-2.0.so.0.4800.2)
==9845==    by 0x68C3559: ??? (in /usr/lib/x86_64-linux-gnu/libgtk-x11-2.0.so.0.2400.30)
==9845==    by 0x79E622C: g_type_class_ref (in /usr/lib/x86_64-linux-gnu/libgobject-2.0.so.0.4800.2)
==9845==    by 0x79CCDAC: g_object_newv (in /usr/lib/x86_64-linux-gnu/libgobject-2.0.so.0.4800.2)
==9845==    by 0x79CD533: g_object_new (in /usr/lib/x86_64-linux-gnu/libgobject-2.0.so.0.4800.2)
==9845==    by 0x68C0EF8: gtk_settings_get_for_screen (in /usr/lib/x86_64-linux-gnu/libgtk-x11-2.0.so.0.2400.30)
==9845==    by 0x6870560: ??? (in /usr/lib/x86_64-linux-gnu/libgtk-x11-2.0.so.0.2400.30)
==9845==    by 0x79C90A6: g_cclosure_marshal_VOID__OBJECTv (in /usr/lib/x86_64-linux-gnu/libgobject-2.0.so.0.4800.2)
==9845== 
==9845== 40 bytes in 1 blocks are possibly lost in loss record 4,152 of 8,468
==9845==    at 0x4C2FD5F: realloc (in /usr/lib/valgrind/vgpreload_memcheck-amd64-linux.so)
==9845==    by 0x7C58877: g_realloc (in /lib/x86_64-linux-gnu/libglib-2.0.so.0.4800.2)
==9845==    by 0x79E29D8: ??? (in /usr/lib/x86_64-linux-gnu/libgobject-2.0.so.0.4800.2)
==9845==    by 0x79E82CC: g_type_register_static (in /usr/lib/x86_64-linux-gnu/libgobject-2.0.so.0.4800.2)
==9845==    by 0x79C753D: g_flags_register_static (in /usr/lib/x86_64-linux-gnu/libgobject-2.0.so.0.4800.2)
==9845==    by 0x9B42DB6: g_dbus_proxy_flags_get_type (in /usr/lib/x86_64-linux-gnu/libgio-2.0.so.0.4800.2)
==9845==    by 0x9B8DCB9: ??? (in /usr/lib/x86_64-linux-gnu/libgio-2.0.so.0.4800.2)
==9845==    by 0x79E622C: g_type_class_ref (in /usr/lib/x86_64-linux-gnu/libgobject-2.0.so.0.4800.2)
==9845==    by 0x79E5E2C: g_type_class_ref (in /usr/lib/x86_64-linux-gnu/libgobject-2.0.so.0.4800.2)
==9845==    by 0x79CD3A3: g_object_new_valist (in /usr/lib/x86_64-linux-gnu/libgobject-2.0.so.0.4800.2)
==9845==    by 0x9B09AAD: g_initable_new_valist (in /usr/lib/x86_64-linux-gnu/libgio-2.0.so.0.4800.2)
==9845==    by 0x9B09B75: g_initable_new (in /usr/lib/x86_64-linux-gnu/libgio-2.0.so.0.4800.2)
==9845== 
==9845== 80 bytes in 1 blocks are possibly lost in loss record 6,098 of 8,468
==9845==    at 0x4C2FB55: calloc (in /usr/lib/valgrind/vgpreload_memcheck-amd64-linux.so)
==9845==    by 0x7C58810: g_malloc0 (in /lib/x86_64-linux-gnu/libglib-2.0.so.0.4800.2)
==9845==    by 0x79E63B5: g_type_class_ref (in /usr/lib/x86_64-linux-gnu/libgobject-2.0.so.0.4800.2)
==9845==    by 0x79E5E2C: g_type_class_ref (in /usr/lib/x86_64-linux-gnu/libgobject-2.0.so.0.4800.2)
==9845==    by 0x79E9247: g_type_create_instance (in /usr/lib/x86_64-linux-gnu/libgobject-2.0.so.0.4800.2)
==9845==    by 0x79D10D2: g_param_spec_internal (in /usr/lib/x86_64-linux-gnu/libgobject-2.0.so.0.4800.2)
==9845==    by 0x79D5661: g_param_spec_object (in /usr/lib/x86_64-linux-gnu/libgobject-2.0.so.0.4800.2)
==9845==    by 0x6D92E7B: ??? (in /usr/lib/x86_64-linux-gnu/libgdk-x11-2.0.so.0.2400.30)
==9845==    by 0x79E622C: g_type_class_ref (in /usr/lib/x86_64-linux-gnu/libgobject-2.0.so.0.4800.2)
==9845==    by 0x79CCDAC: g_object_newv (in /usr/lib/x86_64-linux-gnu/libgobject-2.0.so.0.4800.2)
==9845==    by 0x79CD533: g_object_new (in /usr/lib/x86_64-linux-gnu/libgobject-2.0.so.0.4800.2)
==9845==    by 0x6D93064: gdk_display_manager_get (in /usr/lib/x86_64-linux-gnu/libgdk-x11-2.0.so.0.2400.30)
==9845== 
==9845== 96 bytes in 1 blocks are possibly lost in loss record 7,212 of 8,468
==9845==    at 0x4C2FB55: calloc (in /usr/lib/valgrind/vgpreload_memcheck-amd64-linux.so)
==9845==    by 0x7C58810: g_malloc0 (in /lib/x86_64-linux-gnu/libglib-2.0.so.0.4800.2)
==9845==    by 0x79E2A59: ??? (in /usr/lib/x86_64-linux-gnu/libgobject-2.0.so.0.4800.2)
==9845==    by 0x79E2B43: ??? (in /usr/lib/x86_64-linux-gnu/libgobject-2.0.so.0.4800.2)
==9845==    by 0x79C10AA: ??? (in /usr/lib/x86_64-linux-gnu/libgobject-2.0.so.0.4800.2)
==9845==    by 0x40106C9: call_init.part.0 (dl-init.c:72)
==9845==    by 0x40107DA: call_init (dl-init.c:30)
==9845==    by 0x40107DA: _dl_init (dl-init.c:120)
==9845==    by 0x4000C69: ??? (in /lib/x86_64-linux-gnu/ld-2.23.so)
==9845== 
==9845== 96 bytes in 1 blocks are possibly lost in loss record 7,213 of 8,468
==9845==    at 0x4C2FB55: calloc (in /usr/lib/valgrind/vgpreload_memcheck-amd64-linux.so)
==9845==    by 0x7C58810: g_malloc0 (in /lib/x86_64-linux-gnu/libglib-2.0.so.0.4800.2)
==9845==    by 0x79E2A59: ??? (in /usr/lib/x86_64-linux-gnu/libgobject-2.0.so.0.4800.2)
==9845==    by 0x79E2B43: ??? (in /usr/lib/x86_64-linux-gnu/libgobject-2.0.so.0.4800.2)
==9845==    by 0x79E7F82: g_type_register_fundamental (in /usr/lib/x86_64-linux-gnu/libgobject-2.0.so.0.4800.2)
==9845==    by 0x79C730B: ??? (in /usr/lib/x86_64-linux-gnu/libgobject-2.0.so.0.4800.2)
==9845==    by 0x79C1177: ??? (in /usr/lib/x86_64-linux-gnu/libgobject-2.0.so.0.4800.2)
==9845==    by 0x40106C9: call_init.part.0 (dl-init.c:72)
==9845==    by 0x40107DA: call_init (dl-init.c:30)
==9845==    by 0x40107DA: _dl_init (dl-init.c:120)
==9845==    by 0x4000C69: ??? (in /lib/x86_64-linux-gnu/ld-2.23.so)
==9845== 
==9845== 96 bytes in 1 blocks are possibly lost in loss record 7,214 of 8,468
==9845==    at 0x4C2FB55: calloc (in /usr/lib/valgrind/vgpreload_memcheck-amd64-linux.so)
==9845==    by 0x7C58810: g_malloc0 (in /lib/x86_64-linux-gnu/libglib-2.0.so.0.4800.2)
==9845==    by 0x79E2A59: ??? (in /usr/lib/x86_64-linux-gnu/libgobject-2.0.so.0.4800.2)
==9845==    by 0x79E2B43: ??? (in /usr/lib/x86_64-linux-gnu/libgobject-2.0.so.0.4800.2)
==9845==    by 0x79E7F82: g_type_register_fundamental (in /usr/lib/x86_64-linux-gnu/libgobject-2.0.so.0.4800.2)
==9845==    by 0x79C7371: ??? (in /usr/lib/x86_64-linux-gnu/libgobject-2.0.so.0.4800.2)
==9845==    by 0x79C1177: ??? (in /usr/lib/x86_64-linux-gnu/libgobject-2.0.so.0.4800.2)
==9845==    by 0x40106C9: call_init.part.0 (dl-init.c:72)
==9845==    by 0x40107DA: call_init (dl-init.c:30)
==9845==    by 0x40107DA: _dl_init (dl-init.c:120)
==9845==    by 0x4000C69: ??? (in /lib/x86_64-linux-gnu/ld-2.23.so)
==9845== 
==9845== 96 bytes in 1 blocks are possibly lost in loss record 7,215 of 8,468
==9845==    at 0x4C2FB55: calloc (in /usr/lib/valgrind/vgpreload_memcheck-amd64-linux.so)
==9845==    by 0x7C58810: g_malloc0 (in /lib/x86_64-linux-gnu/libglib-2.0.so.0.4800.2)
==9845==    by 0x79E2A59: ??? (in /usr/lib/x86_64-linux-gnu/libgobject-2.0.so.0.4800.2)
==9845==    by 0x79E2B43: ??? (in /usr/lib/x86_64-linux-gnu/libgobject-2.0.so.0.4800.2)
==9845==    by 0x79E7F82: g_type_register_fundamental (in /usr/lib/x86_64-linux-gnu/libgobject-2.0.so.0.4800.2)
==9845==    by 0x79D0B04: ??? (in /usr/lib/x86_64-linux-gnu/libgobject-2.0.so.0.4800.2)
==9845==    by 0x79C1181: ??? (in /usr/lib/x86_64-linux-gnu/libgobject-2.0.so.0.4800.2)
==9845==    by 0x40106C9: call_init.part.0 (dl-init.c:72)
==9845==    by 0x40107DA: call_init (dl-init.c:30)
==9845==    by 0x40107DA: _dl_init (dl-init.c:120)
==9845==    by 0x4000C69: ??? (in /lib/x86_64-linux-gnu/ld-2.23.so)
==9845== 
==9845== 96 bytes in 1 blocks are possibly lost in loss record 7,216 of 8,468
==9845==    at 0x4C2FB55: calloc (in /usr/lib/valgrind/vgpreload_memcheck-amd64-linux.so)
==9845==    by 0x7C58810: g_malloc0 (in /lib/x86_64-linux-gnu/libglib-2.0.so.0.4800.2)
==9845==    by 0x79E2A59: ??? (in /usr/lib/x86_64-linux-gnu/libgobject-2.0.so.0.4800.2)
==9845==    by 0x79E2B43: ??? (in /usr/lib/x86_64-linux-gnu/libgobject-2.0.so.0.4800.2)
==9845==    by 0x79E7F82: g_type_register_fundamental (in /usr/lib/x86_64-linux-gnu/libgobject-2.0.so.0.4800.2)
==9845==    by 0x79CBC1B: ??? (in /usr/lib/x86_64-linux-gnu/libgobject-2.0.so.0.4800.2)
==9845==    by 0x79C1186: ??? (in /usr/lib/x86_64-linux-gnu/libgobject-2.0.so.0.4800.2)
==9845==    by 0x40106C9: call_init.part.0 (dl-init.c:72)
==9845==    by 0x40107DA: call_init (dl-init.c:30)
==9845==    by 0x40107DA: _dl_init (dl-init.c:120)
==9845==    by 0x4000C69: ??? (in /lib/x86_64-linux-gnu/ld-2.23.so)
==9845== 
==9845== 132 bytes in 1 blocks are possibly lost in loss record 7,634 of 8,468
==9845==    at 0x4C2FB55: calloc (in /usr/lib/valgrind/vgpreload_memcheck-amd64-linux.so)
==9845==    by 0x7C58810: g_malloc0 (in /lib/x86_64-linux-gnu/libglib-2.0.so.0.4800.2)
==9845==    by 0x79E3DFF: ??? (in /usr/lib/x86_64-linux-gnu/libgobject-2.0.so.0.4800.2)
==9845==    by 0x79E7FE0: g_type_register_fundamental (in /usr/lib/x86_64-linux-gnu/libgobject-2.0.so.0.4800.2)
==9845==    by 0x79C730B: ??? (in /usr/lib/x86_64-linux-gnu/libgobject-2.0.so.0.4800.2)
==9845==    by 0x79C1177: ??? (in /usr/lib/x86_64-linux-gnu/libgobject-2.0.so.0.4800.2)
==9845==    by 0x40106C9: call_init.part.0 (dl-init.c:72)
==9845==    by 0x40107DA: call_init (dl-init.c:30)
==9845==    by 0x40107DA: _dl_init (dl-init.c:120)
==9845==    by 0x4000C69: ??? (in /lib/x86_64-linux-gnu/ld-2.23.so)
==9845== 
==9845== 132 bytes in 1 blocks are possibly lost in loss record 7,635 of 8,468
==9845==    at 0x4C2FB55: calloc (in /usr/lib/valgrind/vgpreload_memcheck-amd64-linux.so)
==9845==    by 0x7C58810: g_malloc0 (in /lib/x86_64-linux-gnu/libglib-2.0.so.0.4800.2)
==9845==    by 0x79E3DFF: ??? (in /usr/lib/x86_64-linux-gnu/libgobject-2.0.so.0.4800.2)
==9845==    by 0x79E7FE0: g_type_register_fundamental (in /usr/lib/x86_64-linux-gnu/libgobject-2.0.so.0.4800.2)
==9845==    by 0x79C7371: ??? (in /usr/lib/x86_64-linux-gnu/libgobject-2.0.so.0.4800.2)
==9845==    by 0x79C1177: ??? (in /usr/lib/x86_64-linux-gnu/libgobject-2.0.so.0.4800.2)
==9845==    by 0x40106C9: call_init.part.0 (dl-init.c:72)
==9845==    by 0x40107DA: call_init (dl-init.c:30)
==9845==    by 0x40107DA: _dl_init (dl-init.c:120)
==9845==    by 0x4000C69: ??? (in /lib/x86_64-linux-gnu/ld-2.23.so)
==9845== 
==9845== 148 bytes in 1 blocks are possibly lost in loss record 7,719 of 8,468
==9845==    at 0x4C2FB55: calloc (in /usr/lib/valgrind/vgpreload_memcheck-amd64-linux.so)
==9845==    by 0x7C58810: g_malloc0 (in /lib/x86_64-linux-gnu/libglib-2.0.so.0.4800.2)
==9845==    by 0x79E3BD6: ??? (in /usr/lib/x86_64-linux-gnu/libgobject-2.0.so.0.4800.2)
==9845==    by 0x79E7FE0: g_type_register_fundamental (in /usr/lib/x86_64-linux-gnu/libgobject-2.0.so.0.4800.2)
==9845==    by 0x79D0B04: ??? (in /usr/lib/x86_64-linux-gnu/libgobject-2.0.so.0.4800.2)
==9845==    by 0x79C1181: ??? (in /usr/lib/x86_64-linux-gnu/libgobject-2.0.so.0.4800.2)
==9845==    by 0x40106C9: call_init.part.0 (dl-init.c:72)
==9845==    by 0x40107DA: call_init (dl-init.c:30)
==9845==    by 0x40107DA: _dl_init (dl-init.c:120)
==9845==    by 0x4000C69: ??? (in /lib/x86_64-linux-gnu/ld-2.23.so)
==9845== 
==9845== 148 bytes in 1 blocks are possibly lost in loss record 7,720 of 8,468
==9845==    at 0x4C2FB55: calloc (in /usr/lib/valgrind/vgpreload_memcheck-amd64-linux.so)
==9845==    by 0x7C58810: g_malloc0 (in /lib/x86_64-linux-gnu/libglib-2.0.so.0.4800.2)
==9845==    by 0x79E3BD6: ??? (in /usr/lib/x86_64-linux-gnu/libgobject-2.0.so.0.4800.2)
==9845==    by 0x79E7FE0: g_type_register_fundamental (in /usr/lib/x86_64-linux-gnu/libgobject-2.0.so.0.4800.2)
==9845==    by 0x79CBC1B: ??? (in /usr/lib/x86_64-linux-gnu/libgobject-2.0.so.0.4800.2)
==9845==    by 0x79C1186: ??? (in /usr/lib/x86_64-linux-gnu/libgobject-2.0.so.0.4800.2)
==9845==    by 0x40106C9: call_init.part.0 (dl-init.c:72)
==9845==    by 0x40107DA: call_init (dl-init.c:30)
==9845==    by 0x40107DA: _dl_init (dl-init.c:120)
==9845==    by 0x4000C69: ??? (in /lib/x86_64-linux-gnu/ld-2.23.so)
==9845== 
==9845== 184 bytes in 1 blocks are possibly lost in loss record 7,836 of 8,468
==9845==    at 0x4C2FD5F: realloc (in /usr/lib/valgrind/vgpreload_memcheck-amd64-linux.so)
==9845==    by 0x7C58877: g_realloc (in /lib/x86_64-linux-gnu/libglib-2.0.so.0.4800.2)
==9845==    by 0x79E29D8: ??? (in /usr/lib/x86_64-linux-gnu/libgobject-2.0.so.0.4800.2)
==9845==    by 0x79E82CC: g_type_register_static (in /usr/lib/x86_64-linux-gnu/libgobject-2.0.so.0.4800.2)
==9845==    by 0x79D2799: g_param_type_register_static (in /usr/lib/x86_64-linux-gnu/libgobject-2.0.so.0.4800.2)
==9845==    by 0x79D4AFB: ??? (in /usr/lib/x86_64-linux-gnu/libgobject-2.0.so.0.4800.2)
==9845==    by 0x79C118B: ??? (in /usr/lib/x86_64-linux-gnu/libgobject-2.0.so.0.4800.2)
==9845==    by 0x40106C9: call_init.part.0 (dl-init.c:72)
==9845==    by 0x40107DA: call_init (dl-init.c:30)
==9845==    by 0x40107DA: _dl_init (dl-init.c:120)
==9845==    by 0x4000C69: ??? (in /lib/x86_64-linux-gnu/ld-2.23.so)
==9845== 
==9845== 288 (256 direct, 32 indirect) bytes in 1 blocks are definitely lost in loss record 8,020 of 8,468
==9845==    at 0x4C2DB8F: malloc (in /usr/lib/valgrind/vgpreload_memcheck-amd64-linux.so)
==9845==    by 0xA0660B9: ??? (in /usr/lib/x86_64-linux-gnu/libfontconfig.so.1.9.0)
==9845==    by 0xA066829: ??? (in /usr/lib/x86_64-linux-gnu/libfontconfig.so.1.9.0)
==9845==    by 0xA067D4A: ??? (in /usr/lib/x86_64-linux-gnu/libfontconfig.so.1.9.0)
==9845==    by 0xA06D19B: ??? (in /usr/lib/x86_64-linux-gnu/libfontconfig.so.1.9.0)
==9845==    by 0xD5D3A8B: ??? (in /lib/x86_64-linux-gnu/libexpat.so.1.6.0)
==9845==    by 0xD5D439B: ??? (in /lib/x86_64-linux-gnu/libexpat.so.1.6.0)
==9845==    by 0xD5D5CDD: ??? (in /lib/x86_64-linux-gnu/libexpat.so.1.6.0)
==9845==    by 0xD5D643A: ??? (in /lib/x86_64-linux-gnu/libexpat.so.1.6.0)
==9845==    by 0xD5D875A: XML_ParseBuffer (in /lib/x86_64-linux-gnu/libexpat.so.1.6.0)
==9845==    by 0xA06C52A: FcConfigParseAndLoad (in /usr/lib/x86_64-linux-gnu/libfontconfig.so.1.9.0)
==9845==    by 0xA06C836: FcConfigParseAndLoad (in /usr/lib/x86_64-linux-gnu/libfontconfig.so.1.9.0)
==9845== 
==9845== 368 bytes in 1 blocks are possibly lost in loss record 8,082 of 8,468
==9845==    at 0x4C2FB55: calloc (in /usr/lib/valgrind/vgpreload_memcheck-amd64-linux.so)
==9845==    by 0x40138B4: allocate_dtv (dl-tls.c:322)
==9845==    by 0x40138B4: _dl_allocate_tls (dl-tls.c:539)
==9845==    by 0x614826E: allocate_stack (allocatestack.c:588)
==9845==    by 0x614826E: pthread_create@@GLIBC_2.2.5 (pthread_create.c:539)
==9845==    by 0x7C978FF: ??? (in /lib/x86_64-linux-gnu/libglib-2.0.so.0.4800.2)
==9845==    by 0x7C79F2E: ??? (in /lib/x86_64-linux-gnu/libglib-2.0.so.0.4800.2)
==9845==    by 0x7C79FE7: g_thread_new (in /lib/x86_64-linux-gnu/libglib-2.0.so.0.4800.2)
==9845==    by 0x113DD256: ??? (in /usr/lib/x86_64-linux-gnu/gio/modules/libdconfsettings.so)
==9845==    by 0x113DD31A: ??? (in /usr/lib/x86_64-linux-gnu/gio/modules/libdconfsettings.so)
==9845==    by 0x113DB31D: ??? (in /usr/lib/x86_64-linux-gnu/gio/modules/libdconfsettings.so)
==9845==    by 0x79CB896: ??? (in /usr/lib/x86_64-linux-gnu/libgobject-2.0.so.0.4800.2)
==9845==    by 0x79CD1B4: g_object_new_valist (in /usr/lib/x86_64-linux-gnu/libgobject-2.0.so.0.4800.2)
==9845==    by 0x79CD520: g_object_new (in /usr/lib/x86_64-linux-gnu/libgobject-2.0.so.0.4800.2)
==9845== 
==9845== 368 bytes in 1 blocks are possibly lost in loss record 8,083 of 8,468
==9845==    at 0x4C2FB55: calloc (in /usr/lib/valgrind/vgpreload_memcheck-amd64-linux.so)
==9845==    by 0x40138B4: allocate_dtv (dl-tls.c:322)
==9845==    by 0x40138B4: _dl_allocate_tls (dl-tls.c:539)
==9845==    by 0x614826E: allocate_stack (allocatestack.c:588)
==9845==    by 0x614826E: pthread_create@@GLIBC_2.2.5 (pthread_create.c:539)
==9845==    by 0x7C978FF: ??? (in /lib/x86_64-linux-gnu/libglib-2.0.so.0.4800.2)
==9845==    by 0x7C79F2E: ??? (in /lib/x86_64-linux-gnu/libglib-2.0.so.0.4800.2)
==9845==    by 0x7C79FE7: g_thread_new (in /lib/x86_64-linux-gnu/libglib-2.0.so.0.4800.2)
==9845==    by 0x7C54270: ??? (in /lib/x86_64-linux-gnu/libglib-2.0.so.0.4800.2)
==9845==    by 0x9B32EB6: g_task_get_type (in /usr/lib/x86_64-linux-gnu/libgio-2.0.so.0.4800.2)
==9845==    by 0x9B908B0: ??? (in /usr/lib/x86_64-linux-gnu/libgio-2.0.so.0.4800.2)
==9845==    by 0x9B844B6: ??? (in /usr/lib/x86_64-linux-gnu/libgio-2.0.so.0.4800.2)
==9845==    by 0x9B84B72: g_bus_get_sync (in /usr/lib/x86_64-linux-gnu/libgio-2.0.so.0.4800.2)
==9845==    by 0x113DD077: ??? (in /usr/lib/x86_64-linux-gnu/gio/modules/libdconfsettings.so)
==9845== 
==9845== 368 bytes in 1 blocks are possibly lost in loss record 8,084 of 8,468
==9845==    at 0x4C2FB55: calloc (in /usr/lib/valgrind/vgpreload_memcheck-amd64-linux.so)
==9845==    by 0x40138B4: allocate_dtv (dl-tls.c:322)
==9845==    by 0x40138B4: _dl_allocate_tls (dl-tls.c:539)
==9845==    by 0x614826E: allocate_stack (allocatestack.c:588)
==9845==    by 0x614826E: pthread_create@@GLIBC_2.2.5 (pthread_create.c:539)
==9845==    by 0x7C978FF: ??? (in /lib/x86_64-linux-gnu/libglib-2.0.so.0.4800.2)
==9845==    by 0x7C79F2E: ??? (in /lib/x86_64-linux-gnu/libglib-2.0.so.0.4800.2)
==9845==    by 0x7C79FE7: g_thread_new (in /lib/x86_64-linux-gnu/libglib-2.0.so.0.4800.2)
==9845==    by 0x9B90923: ??? (in /usr/lib/x86_64-linux-gnu/libgio-2.0.so.0.4800.2)
==9845==    by 0x9B844B6: ??? (in /usr/lib/x86_64-linux-gnu/libgio-2.0.so.0.4800.2)
==9845==    by 0x9B84B72: g_bus_get_sync (in /usr/lib/x86_64-linux-gnu/libgio-2.0.so.0.4800.2)
==9845==    by 0x113DD077: ??? (in /usr/lib/x86_64-linux-gnu/gio/modules/libdconfsettings.so)
==9845==    by 0x113DD159: ??? (in /usr/lib/x86_64-linux-gnu/gio/modules/libdconfsettings.so)
==9845==    by 0x7C53049: g_main_context_dispatch (in /lib/x86_64-linux-gnu/libglib-2.0.so.0.4800.2)
==9845== 
==9845== 368 bytes in 1 blocks are possibly lost in loss record 8,085 of 8,468
==9845==    at 0x4C2FB55: calloc (in /usr/lib/valgrind/vgpreload_memcheck-amd64-linux.so)
==9845==    by 0x40138B4: allocate_dtv (dl-tls.c:322)
==9845==    by 0x40138B4: _dl_allocate_tls (dl-tls.c:539)
==9845==    by 0x614826E: allocate_stack (allocatestack.c:588)
==9845==    by 0x614826E: pthread_create@@GLIBC_2.2.5 (pthread_create.c:539)
==9845==    by 0x7C978FF: ??? (in /lib/x86_64-linux-gnu/libglib-2.0.so.0.4800.2)
==9845==    by 0x7C79F2E: ??? (in /lib/x86_64-linux-gnu/libglib-2.0.so.0.4800.2)
==9845==    by 0x7C7A29C: ??? (in /lib/x86_64-linux-gnu/libglib-2.0.so.0.4800.2)
==9845==    by 0x7C7A89A: g_thread_pool_push (in /lib/x86_64-linux-gnu/libglib-2.0.so.0.4800.2)
==9845==    by 0x9B336BA: g_task_run_in_thread (in /usr/lib/x86_64-linux-gnu/libgio-2.0.so.0.4800.2)
==9845==    by 0x9AE211C: ??? (in /usr/lib/x86_64-linux-gnu/libgio-2.0.so.0.4800.2)
==9845==    by 0x9AE24A0: g_async_initable_new_valist_async (in /usr/lib/x86_64-linux-gnu/libgio-2.0.so.0.4800.2)
==9845==    by 0x9AE2557: g_async_initable_new_async (in /usr/lib/x86_64-linux-gnu/libgio-2.0.so.0.4800.2)
==9845==    by 0x9B827BC: g_dbus_connection_new_for_address (in /usr/lib/x86_64-linux-gnu/libgio-2.0.so.0.4800.2)
==9845== 
==9845== 384 bytes in 1 blocks are possibly lost in loss record 8,093 of 8,468
==9845==    at 0x4C2FD5F: realloc (in /usr/lib/valgrind/vgpreload_memcheck-amd64-linux.so)
==9845==    by 0x7C58877: g_realloc (in /lib/x86_64-linux-gnu/libglib-2.0.so.0.4800.2)
==9845==    by 0x79E29D8: ??? (in /usr/lib/x86_64-linux-gnu/libgobject-2.0.so.0.4800.2)
==9845==    by 0x79E82CC: g_type_register_static (in /usr/lib/x86_64-linux-gnu/libgobject-2.0.so.0.4800.2)
==9845==    by 0x79C743D: g_enum_register_static (in /usr/lib/x86_64-linux-gnu/libgobject-2.0.so.0.4800.2)
==9845==    by 0x989C9F6: atk_state_type_get_type (in /usr/lib/x86_64-linux-gnu/libatk-1.0.so.0.21809.1)
==9845==    by 0x989784B: atk_state_type_get_name (in /usr/lib/x86_64-linux-gnu/libatk-1.0.so.0.21809.1)
==9845==    by 0x9894F66: atk_object_notify_state_change (in /usr/lib/x86_64-linux-gnu/libatk-1.0.so.0.21809.1)
==9845==    by 0x79C5FA4: g_closure_invoke (in /usr/lib/x86_64-linux-gnu/libgobject-2.0.so.0.4800.2)
==9845==    by 0x79D7FC0: ??? (in /usr/lib/x86_64-linux-gnu/libgobject-2.0.so.0.4800.2)
==9845==    by 0x79E0D5B: g_signal_emit_valist (in /usr/lib/x86_64-linux-gnu/libgobject-2.0.so.0.4800.2)
==9845==    by 0x79E108E: g_signal_emit (in /usr/lib/x86_64-linux-gnu/libgobject-2.0.so.0.4800.2)
==9845== 
==9845== 624 bytes in 1 blocks are possibly lost in loss record 8,210 of 8,468
==9845==    at 0x4C2FD5F: realloc (in /usr/lib/valgrind/vgpreload_memcheck-amd64-linux.so)
==9845==    by 0x7C58877: g_realloc (in /lib/x86_64-linux-gnu/libglib-2.0.so.0.4800.2)
==9845==    by 0x79E29D8: ??? (in /usr/lib/x86_64-linux-gnu/libgobject-2.0.so.0.4800.2)
==9845==    by 0x79E82CC: g_type_register_static (in /usr/lib/x86_64-linux-gnu/libgobject-2.0.so.0.4800.2)
==9845==    by 0x79E8694: g_type_register_static_simple (in /usr/lib/x86_64-linux-gnu/libgobject-2.0.so.0.4800.2)
==9845==    by 0x6D9AE93: gdk_keymap_get_type (in /usr/lib/x86_64-linux-gnu/libgdk-x11-2.0.so.0.2400.30)
==9845==    by 0x6DD2161: gdk_keymap_get_for_display (in /usr/lib/x86_64-linux-gnu/libgdk-x11-2.0.so.0.2400.30)
==9845==    by 0x67EF8BB: ??? (in /usr/lib/x86_64-linux-gnu/libgtk-x11-2.0.so.0.2400.30)
==9845==    by 0x79CC747: g_object_run_dispose (in /usr/lib/x86_64-linux-gnu/libgobject-2.0.so.0.4800.2)
==9845==    by 0x50CBE8D: wxWindow::~wxWindow() (in /usr/lib/x86_64-linux-gnu/libwx_gtk2u_core-3.0.so.0.2.0)
==9845==    by 0x5164BA8: wxTextCtrl::~wxTextCtrl() (in /usr/lib/x86_64-linux-gnu/libwx_gtk2u_core-3.0.so.0.2.0)
==9845==    by 0x52B5FC6: wxWindowBase::Destroy() (in /usr/lib/x86_64-linux-gnu/libwx_gtk2u_core-3.0.so.0.2.0)
==9845== 
==9845== 2,136 (768 direct, 1,368 indirect) bytes in 1 blocks are definitely lost in loss record 8,392 of 8,468
==9845==    at 0x4C2FD5F: realloc (in /usr/lib/valgrind/vgpreload_memcheck-amd64-linux.so)
==9845==    by 0xA06600A: ??? (in /usr/lib/x86_64-linux-gnu/libfontconfig.so.1.9.0)
==9845==    by 0xA06669D: ??? (in /usr/lib/x86_64-linux-gnu/libfontconfig.so.1.9.0)
==9845==    by 0xA063765: FcFontRenderPrepare (in /usr/lib/x86_64-linux-gnu/libfontconfig.so.1.9.0)
==9845==    by 0xA063A4F: FcFontMatch (in /usr/lib/x86_64-linux-gnu/libfontconfig.so.1.9.0)
==9845==    by 0x9E3DF1D: ??? (in /usr/lib/x86_64-linux-gnu/libpangoft2-1.0.so.0.3800.1)
==9845==    by 0x9E3E06C: ??? (in /usr/lib/x86_64-linux-gnu/libpangoft2-1.0.so.0.3800.1)
==9845==    by 0x77805D3: ??? (in /usr/lib/x86_64-linux-gnu/libpango-1.0.so.0.3800.1)
==9845==    by 0x77808E3: ??? (in /usr/lib/x86_64-linux-gnu/libpango-1.0.so.0.3800.1)
==9845==    by 0x7781CFF: pango_itemize_with_base_dir (in /usr/lib/x86_64-linux-gnu/libpango-1.0.so.0.3800.1)
==9845==    by 0x778A15C: ??? (in /usr/lib/x86_64-linux-gnu/libpango-1.0.so.0.3800.1)
==9845==    by 0x778C1B7: ??? (in /usr/lib/x86_64-linux-gnu/libpango-1.0.so.0.3800.1)
==9845== 
==9845== 2,287 (768 direct, 1,519 indirect) bytes in 1 blocks are definitely lost in loss record 8,397 of 8,468
==9845==    at 0x4C2FD5F: realloc (in /usr/lib/valgrind/vgpreload_memcheck-amd64-linux.so)
==9845==    by 0xA06600A: ??? (in /usr/lib/x86_64-linux-gnu/libfontconfig.so.1.9.0)
==9845==    by 0xA06669D: ??? (in /usr/lib/x86_64-linux-gnu/libfontconfig.so.1.9.0)
==9845==    by 0xA063765: FcFontRenderPrepare (in /usr/lib/x86_64-linux-gnu/libfontconfig.so.1.9.0)
==9845==    by 0xA063A4F: FcFontMatch (in /usr/lib/x86_64-linux-gnu/libfontconfig.so.1.9.0)
==9845==    by 0x9E3DF1D: ??? (in /usr/lib/x86_64-linux-gnu/libpangoft2-1.0.so.0.3800.1)
==9845==    by 0x9E3E06C: ??? (in /usr/lib/x86_64-linux-gnu/libpangoft2-1.0.so.0.3800.1)
==9845==    by 0x9E3C298: ??? (in /usr/lib/x86_64-linux-gnu/libpangoft2-1.0.so.0.3800.1)
==9845==    by 0x702C8DA: ??? (in /usr/lib/x86_64-linux-gnu/libpangocairo-1.0.so.0.3800.1)
==9845==    by 0x702D6B7: ??? (in /usr/lib/x86_64-linux-gnu/libpangocairo-1.0.so.0.3800.1)
==9845==    by 0x9E3F173: ??? (in /usr/lib/x86_64-linux-gnu/libpangoft2-1.0.so.0.3800.1)
==9845==    by 0xD39B246: ??? (in /usr/lib/x86_64-linux-gnu/libharfbuzz.so.0.10000.1)
==9845== 
==9845== 5,017 (512 direct, 4,505 indirect) bytes in 1 blocks are definitely lost in loss record 8,434 of 8,468
==9845==    at 0x4C2FD5F: realloc (in /usr/lib/valgrind/vgpreload_memcheck-amd64-linux.so)
==9845==    by 0xA06600A: ??? (in /usr/lib/x86_64-linux-gnu/libfontconfig.so.1.9.0)
==9845==    by 0xA066829: ??? (in /usr/lib/x86_64-linux-gnu/libfontconfig.so.1.9.0)
==9845==    by 0xA066B6F: FcPatternAddInteger (in /usr/lib/x86_64-linux-gnu/libfontconfig.so.1.9.0)
==9845==    by 0x72EB931: ??? (in /usr/lib/x86_64-linux-gnu/libcairo.so.2.11400.6)
==9845==    by 0x703054F: ??? (in /usr/lib/x86_64-linux-gnu/libpangocairo-1.0.so.0.3800.1)
==9845==    by 0x9E3D6F1: ??? (in /usr/lib/x86_64-linux-gnu/libpangoft2-1.0.so.0.3800.1)
==9845==    by 0x9E3C27C: ??? (in /usr/lib/x86_64-linux-gnu/libpangoft2-1.0.so.0.3800.1)
==9845==    by 0x702C8DA: ??? (in /usr/lib/x86_64-linux-gnu/libpangocairo-1.0.so.0.3800.1)
==9845==    by 0x702D6B7: ??? (in /usr/lib/x86_64-linux-gnu/libpangocairo-1.0.so.0.3800.1)
==9845==    by 0x9E3F173: ??? (in /usr/lib/x86_64-linux-gnu/libpangoft2-1.0.so.0.3800.1)
==9845==    by 0xD39B246: ??? (in /usr/lib/x86_64-linux-gnu/libharfbuzz.so.0.10000.1)
==9845== 
==9845== 6,191 (512 direct, 5,679 indirect) bytes in 1 blocks are definitely lost in loss record 8,444 of 8,468
==9845==    at 0x4C2FD5F: realloc (in /usr/lib/valgrind/vgpreload_memcheck-amd64-linux.so)
==9845==    by 0xA06600A: ??? (in /usr/lib/x86_64-linux-gnu/libfontconfig.so.1.9.0)
==9845==    by 0xA066829: ??? (in /usr/lib/x86_64-linux-gnu/libfontconfig.so.1.9.0)
==9845==    by 0xA066B6F: FcPatternAddInteger (in /usr/lib/x86_64-linux-gnu/libfontconfig.so.1.9.0)
==9845==    by 0x72EB931: ??? (in /usr/lib/x86_64-linux-gnu/libcairo.so.2.11400.6)
==9845==    by 0x703054F: ??? (in /usr/lib/x86_64-linux-gnu/libpangocairo-1.0.so.0.3800.1)
==9845==    by 0x9E3D6F1: ??? (in /usr/lib/x86_64-linux-gnu/libpangoft2-1.0.so.0.3800.1)
==9845==    by 0x7780829: ??? (in /usr/lib/x86_64-linux-gnu/libpango-1.0.so.0.3800.1)
==9845==    by 0x7781CFF: pango_itemize_with_base_dir (in /usr/lib/x86_64-linux-gnu/libpango-1.0.so.0.3800.1)
==9845==    by 0x778A15C: ??? (in /usr/lib/x86_64-linux-gnu/libpango-1.0.so.0.3800.1)
==9845==    by 0x778C1B7: ??? (in /usr/lib/x86_64-linux-gnu/libpango-1.0.so.0.3800.1)
==9845==    by 0x684EDF6: ??? (in /usr/lib/x86_64-linux-gnu/libgtk-x11-2.0.so.0.2400.30)
==9845== 
==9845== LEAK SUMMARY:
==9845==    definitely lost: 2,816 bytes in 5 blocks
==9845==    indirectly lost: 13,103 bytes in 551 blocks
==9845==      possibly lost: 4,080 bytes in 31 blocks
==9845==    still reachable: 1,272,340 bytes in 16,342 blocks
==9845==                       of which reachable via heuristic:
==9845==                         length64           : 7,496 bytes in 116 blocks
==9845==                         newarray           : 2,064 bytes in 49 blocks
==9845==         suppressed: 0 bytes in 0 blocks
==9845== Reachable blocks (those to which a pointer was found) are not shown.
==9845== To see them, rerun with: --leak-check=full --show-leak-kinds=all
==9845== 
==9845== For counts of detected and suppressed errors, rerun with: -v
==9845== Use --track-origins=yes to see where uninitialised values come from
==9845== ERROR SUMMARY: 45 errors from 39 contexts (suppressed: 0 from 0)
